-- Found gazebo_ros_pkgs: 3.4.4 (/opt/ros/eloquent/share/gazebo_ros_pkgs/cmake)
-- Found ament_cmake: 0.8.2 (/opt/ros/eloquent/share/ament_cmake/cmake)
-- Found PythonInterp: /usr/bin/python3 (found suitable version "3.6.9", minimum required is "3") 
-- Using PYTHON_EXECUTABLE: /usr/bin/python3
-- Found geometry_msgs: 0.8.1 (/opt/ros/eloquent/share/geometry_msgs/cmake)
-- Found rosidl_adapter: 0.8.2 (/opt/ros/eloquent/share/rosidl_adapter/cmake)
-- Found nav_msgs: 0.8.1 (/opt/ros/eloquent/share/nav_msgs/cmake)
-- Found rclcpp: 0.8.4 (/opt/ros/eloquent/share/rclcpp/cmake)
-- Found rmw_implementation_cmake: 0.8.1 (/opt/ros/eloquent/share/rmw_implementation_cmake/cmake)
-- Using RMW implementation 'rmw_fastrtps_cpp' as default
-- Found tf2: 0.12.5 (/opt/ros/eloquent/share/tf2/cmake)
-- Found sensor_msgs: 0.8.1 (/opt/ros/eloquent/share/sensor_msgs/cmake)
-- Found turtlebot3: 2.0.1 (/home/enrico/turtlebot3_ws/install/turtlebot3/share/turtlebot3/cmake)
-- Found rclcpp_components: 0.8.4 (/opt/ros/eloquent/share/rclcpp_components/cmake)
-- Found poco_vendor:  (/opt/ros/eloquent/share/poco_vendor/cmake)
-- Found ament_lint_auto: 0.8.1 (/opt/ros/eloquent/share/ament_lint_auto/cmake)
-- Added test 'copyright' to check for copyright in CMake / C / C++ / Python code
-- Added test 'cppcheck' to perform static code analysis on C / C++ code
-- Configured cppcheck include dirs: /home/enrico/turtlebot3_ws/src/position_controller/include
-- Added test 'cpplint' to check C / C++ code against the Google style
-- Added test 'flake8' to check Python code syntax and style conventions
-- Added test 'lint_cmake' to check CMake code style
-- Added test 'pep257' to check Python code against some of the style conventions in PEP 257
-- Added test 'uncrustify' to check C / C++ code style
-- Added test 'xmllint' to check XML markup files
-- Configuring done
-- Generating done
-- Build files have been written to: /home/enrico/turtlebot3_ws/src/position_controller/build/position_controller
[35m[1mScanning dependencies of target pianificatore[0m
[35m[1mScanning dependencies of target position_controller[0m
[ 25%] [32mBuilding CXX object CMakeFiles/pianificatore.dir/src/pianificatore.cpp.o[0m
[ 50%] [32mBuilding CXX object CMakeFiles/position_controller.dir/src/position_controll.cpp.o[0m
[01m[K/home/enrico/turtlebot3_ws/src/position_controller/src/position_controll.cpp:[m[K In member function â€˜[01m[Kvoid Tb3BurgerPosCtrl::get_position(std_msgs::msg::String_<std::allocator<void> >::SharedPtr)[m[Kâ€™:
[01m[K/home/enrico/turtlebot3_ws/src/position_controller/src/position_controll.cpp:43:10:[m[K [01;35m[Kwarning: [m[Kunused variable â€˜[01m[Kvirgola[m[Kâ€™ [[01;35m[K-Wunused-variable[m[K]
     char [01;35m[Kvirgola[m[K = ',';
          [01;35m[K^~~~~~~[m[K
[01m[K/home/enrico/turtlebot3_ws/src/position_controller/src/position_controll.cpp:46:9:[m[K [01;35m[Kwarning: [m[Kunused variable â€˜[01m[Kpos[m[Kâ€™ [[01;35m[K-Wunused-variable[m[K]
     int [01;35m[Kpos[m[K=0;
         [01;35m[K^~~[m[K
[01m[K/home/enrico/turtlebot3_ws/src/position_controller/src/position_controll.cpp:[m[K In member function â€˜[01m[Kvoid Tb3BurgerPosCtrl::update_callback()[m[Kâ€™:
[01m[K/home/enrico/turtlebot3_ws/src/position_controller/src/position_controll.cpp:130:53:[m[K [01;31m[Kerror: [m[Kâ€˜[01m[Kdist[m[Kâ€™ was not declared in this scope
               double rotation = ((LINEAR_VELOCITY)/([01;31m[Kdist[m[K))*((k2*(angle-(atan(-den))))+(sin(angle)*(1+(k1/den2))));
                                                     [01;31m[K^~~~[m[K
[01m[K/home/enrico/turtlebot3_ws/src/position_controller/src/position_controll.cpp:130:53:[m[K [01;36m[Knote: [m[Ksuggested alternative: â€˜[01m[Ktwist[m[Kâ€™
               double rotation = ((LINEAR_VELOCITY)/([01;36m[Kdist[m[K))*((k2*(angle-(atan(-den))))+(sin(angle)*(1+(k1/den2))));
                                                     [01;36m[K^~~~[m[K
                                                     [32m[Ktwist[m[K
CMakeFiles/position_controller.dir/build.make:62: recipe for target 'CMakeFiles/position_controller.dir/src/position_controll.cpp.o' failed
make[2]: *** [CMakeFiles/position_controller.dir/src/position_controll.cpp.o] Error 1
CMakeFiles/Makefile2:99: recipe for target 'CMakeFiles/position_controller.dir/all' failed
make[1]: *** [CMakeFiles/position_controller.dir/all] Error 2
make[1]: *** Attesa per i processi non terminati....
[ 75%] [32m[1mLinking CXX executable pianificatore[0m
[ 75%] Built target pianificatore
Makefile:140: recipe for target 'all' failed
make: *** [all] Error 2
