-- Found gazebo_ros_pkgs: 3.4.4 (/opt/ros/eloquent/share/gazebo_ros_pkgs/cmake)
-- Found ament_cmake: 0.8.2 (/opt/ros/eloquent/share/ament_cmake/cmake)
-- Found PythonInterp: /usr/bin/python3 (found suitable version "3.6.9", minimum required is "3") 
-- Using PYTHON_EXECUTABLE: /usr/bin/python3
-- Override CMake install command with custom implementation using symlinks instead of copying resources
-- Found geometry_msgs: 0.8.1 (/opt/ros/eloquent/share/geometry_msgs/cmake)
-- Found rosidl_adapter: 0.8.2 (/opt/ros/eloquent/share/rosidl_adapter/cmake)
-- Found nav_msgs: 0.8.1 (/opt/ros/eloquent/share/nav_msgs/cmake)
-- Found rosidl_default_generators: 0.8.0 (/opt/ros/eloquent/share/rosidl_default_generators/cmake)
-- Found rclcpp: 0.8.4 (/opt/ros/eloquent/share/rclcpp/cmake)
-- Found rmw_implementation_cmake: 0.8.1 (/opt/ros/eloquent/share/rmw_implementation_cmake/cmake)
-- Using RMW implementation 'rmw_fastrtps_cpp' as default
-- Found tf2: 0.12.5 (/opt/ros/eloquent/share/tf2/cmake)
-- Found sensor_msgs: 0.8.1 (/opt/ros/eloquent/share/sensor_msgs/cmake)
-- Found turtlebot3: 2.1.0 (/home/enrico/turtlebot3_ws/install/turtlebot3/share/turtlebot3/cmake)
-- Found rclcpp_components: 0.8.4 (/opt/ros/eloquent/share/rclcpp_components/cmake)
-- Found poco_vendor:  (/opt/ros/eloquent/share/poco_vendor/cmake)
-- Found PythonInterp: /usr/bin/python3 (found version "3.6.9") 
-- Found ament_cmake_cppcheck: 0.8.1 (/opt/ros/eloquent/share/ament_cmake_cppcheck/cmake)
-- Found ament_cmake_cpplint: 0.8.1 (/opt/ros/eloquent/share/ament_cmake_cpplint/cmake)
-- Found ament_cmake_uncrustify: 0.8.1 (/opt/ros/eloquent/share/ament_cmake_uncrustify/cmake)
-- Using single matching rosidl_typesupport_c: rosidl_typesupport_fastrtps_c
-- Using single matching rosidl_typesupport_cpp: rosidl_typesupport_fastrtps_cpp
-- Found PythonInterp: /usr/bin/python3 (found suitable version "3.6.9", minimum required is "3.5") 
-- Found python_cmake_module: 0.8.0 (/opt/ros/eloquent/share/python_cmake_module/cmake)
-- Using PYTHON_EXECUTABLE: /usr/bin/python3
-- Using PYTHON_INCLUDE_DIRS: /usr/include/python3.6m
-- Using PYTHON_LIBRARIES: /usr/lib/x86_64-linux-gnu/libpython3.6m.so
-- Found ament_cmake_flake8: 0.8.1 (/opt/ros/eloquent/share/ament_cmake_flake8/cmake)
-- Found ament_cmake_pep257: 0.8.1 (/opt/ros/eloquent/share/ament_cmake_pep257/cmake)
-- Found ament_lint_auto: 0.8.1 (/opt/ros/eloquent/share/ament_lint_auto/cmake)
-- Added test 'cppcheck' to perform static code analysis on C / C++ code
-- Configured cppcheck include dirs: /home/enrico/turtlebot3_ws/src/position_controller/include;/home/enrico/turtlebot3_ws/src/position_controller/build/position_controller/rosidl_generator_c;/home/enrico/turtlebot3_ws/src/position_controller/build/position_controller/rosidl_typesupport_c;/home/enrico/turtlebot3_ws/src/position_controller/build/position_controller/rosidl_typesupport_fastrtps_c;/home/enrico/turtlebot3_ws/src/position_controller/build/position_controller/rosidl_generator_cpp;/home/enrico/turtlebot3_ws/src/position_controller/build/position_controller/rosidl_typesupport_fastrtps_cpp;/home/enrico/turtlebot3_ws/src/position_controller/build/position_controller/rosidl_typesupport_introspection_c;/home/enrico/turtlebot3_ws/src/position_controller/build/position_controller/rosidl_generator_py
-- Added test 'cpplint' to check C / C++ code against the Google style
-- Added test 'uncrustify' to check C / C++ code style
-- Added test 'flake8' to check Python code syntax and style conventions
-- Added test 'pep257' to check Python code against some of the style conventions in PEP 257
-- Added test 'copyright' to check for copyright in CMake / C / C++ / Python code
-- Added test 'lint_cmake' to check CMake code style
-- Added test 'xmllint' to check XML markup files
-- Configuring done
-- Generating done
-- Build files have been written to: /home/enrico/turtlebot3_ws/src/position_controller/build/position_controller
[35m[1mScanning dependencies of target position_controller[0m
[  3%] Built target new_msg__cpp
[ 12%] Built target new_msg__rosidl_generator_c
[ 18%] Built target pianificatore
[ 21%] [32mBuilding CXX object CMakeFiles/position_controller.dir/src/position_controll.cpp.o[0m
[ 30%] Built target new_msg__rosidl_typesupport_introspection_cpp
[ 39%] Built target new_msg__rosidl_typesupport_fastrtps_cpp
[ 48%] Built target new_msg__rosidl_typesupport_introspection_c
[ 57%] Built target new_msg__rosidl_typesupport_cpp
[ 66%] Built target new_msg__rosidl_typesupport_fastrtps_c
[ 75%] Built target new_msg__rosidl_typesupport_c
In file included from [01m[K/home/enrico/turtlebot3_ws/src/position_controller/src/position_controll.cpp:1:0[m[K:
[01m[K/home/enrico/turtlebot3_ws/src/position_controller/include/position_controller/position_controll.hpp:12:10:[m[K [01;31m[Kfatal error: [m[Kposition_controller/msg/Positiondef.hpp: File o directory non esistente
 #include [01;31m[K<position_controller/msg/Positiondef.hpp>[m[K
          [01;31m[K^~~~~~~~~~~~~~~~~~~~~~~~~~~~~~~~~~~~~~~~~[m[K
compilation terminated.
[ 75%] Built target new_msg
CMakeFiles/position_controller.dir/build.make:62: recipe for target 'CMakeFiles/position_controller.dir/src/position_controll.cpp.o' failed
make[2]: *** [CMakeFiles/position_controller.dir/src/position_controll.cpp.o] Error 1
CMakeFiles/Makefile2:636: recipe for target 'CMakeFiles/position_controller.dir/all' failed
make[1]: *** [CMakeFiles/position_controller.dir/all] Error 2
make[1]: *** Attesa per i processi non terminati....
[ 78%] Built target new_msg__py
make: *** [all] Error 2
Makefile:140: recipe for target 'all' failed
