[0.015s] Invoking command in '/home/enrico/turtlebot3_ws/src/position_controller/build/position_controller': CMAKE_PREFIX_PATH=${CMAKE_PREFIX_PATH}:/home/enrico/turtlebot3_ws/install/turtlebot3_gazebo:/home/enrico/turtlebot3_ws/install/turtlebot3_teleop:/home/enrico/turtlebot3_ws/install/turtlebot3_example:/opt/ros/eloquent /usr/bin/cmake /home/enrico/turtlebot3_ws/src/position_controller -DCMAKE_INSTALL_PREFIX=/home/enrico/turtlebot3_ws/src/position_controller/install/position_controller
[0.032s] -- Found gazebo_ros_pkgs: 3.4.4 (/opt/ros/eloquent/share/gazebo_ros_pkgs/cmake)
[0.032s] -- Found ament_cmake: 0.8.2 (/opt/ros/eloquent/share/ament_cmake/cmake)
[0.065s] -- Found PythonInterp: /usr/bin/python3 (found suitable version "3.6.9", minimum required is "3") 
[0.065s] -- Using PYTHON_EXECUTABLE: /usr/bin/python3
[0.257s] -- Override CMake install command with custom implementation using symlinks instead of copying resources
[0.264s] -- Found geometry_msgs: 0.8.1 (/opt/ros/eloquent/share/geometry_msgs/cmake)
[0.274s] -- Found rosidl_adapter: 0.8.2 (/opt/ros/eloquent/share/rosidl_adapter/cmake)
[0.310s] -- Found nav_msgs: 0.8.1 (/opt/ros/eloquent/share/nav_msgs/cmake)
[0.320s] -- Found rosidl_default_generators: 0.8.0 (/opt/ros/eloquent/share/rosidl_default_generators/cmake)
[0.425s] -- Found rclcpp: 0.8.4 (/opt/ros/eloquent/share/rclcpp/cmake)
[0.437s] -- Found rmw_implementation_cmake: 0.8.1 (/opt/ros/eloquent/share/rmw_implementation_cmake/cmake)
[0.439s] -- Using RMW implementation 'rmw_fastrtps_cpp' as default
[0.466s] -- Found tf2: 0.12.5 (/opt/ros/eloquent/share/tf2/cmake)
[0.469s] -- Found sensor_msgs: 0.8.1 (/opt/ros/eloquent/share/sensor_msgs/cmake)
[0.479s] -- Found turtlebot3: 2.1.0 (/home/enrico/turtlebot3_ws/install/turtlebot3/share/turtlebot3/cmake)
[0.479s] -- Found rclcpp_components: 0.8.4 (/opt/ros/eloquent/share/rclcpp_components/cmake)
[0.481s] -- Found poco_vendor:  (/opt/ros/eloquent/share/poco_vendor/cmake)
[0.532s] -- Found PythonInterp: /usr/bin/python3 (found version "3.6.9") 
[0.668s] -- Found ament_cmake_cppcheck: 0.8.1 (/opt/ros/eloquent/share/ament_cmake_cppcheck/cmake)
[0.669s] -- Found ament_cmake_cpplint: 0.8.1 (/opt/ros/eloquent/share/ament_cmake_cpplint/cmake)
[0.670s] -- Found ament_cmake_uncrustify: 0.8.1 (/opt/ros/eloquent/share/ament_cmake_uncrustify/cmake)
[0.680s] -- Using single matching rosidl_typesupport_c: rosidl_typesupport_fastrtps_c
[0.687s] -- Using single matching rosidl_typesupport_cpp: rosidl_typesupport_fastrtps_cpp
[0.819s] -- Found PythonInterp: /usr/bin/python3 (found suitable version "3.6.9", minimum required is "3.5") 
[0.819s] -- Found python_cmake_module: 0.8.0 (/opt/ros/eloquent/share/python_cmake_module/cmake)
[0.853s] -- Using PYTHON_EXECUTABLE: /usr/bin/python3
[0.853s] -- Using PYTHON_INCLUDE_DIRS: /usr/include/python3.6m
[0.853s] -- Using PYTHON_LIBRARIES: /usr/lib/x86_64-linux-gnu/libpython3.6m.so
[0.948s] -- Found ament_cmake_flake8: 0.8.1 (/opt/ros/eloquent/share/ament_cmake_flake8/cmake)
[0.948s] -- Found ament_cmake_pep257: 0.8.1 (/opt/ros/eloquent/share/ament_cmake_pep257/cmake)
[1.100s] -- Found ament_lint_auto: 0.8.1 (/opt/ros/eloquent/share/ament_lint_auto/cmake)
[1.141s] -- Added test 'cppcheck' to perform static code analysis on C / C++ code
[1.143s] -- Configured cppcheck include dirs: /home/enrico/turtlebot3_ws/src/position_controller/include;/home/enrico/turtlebot3_ws/src/position_controller/build/position_controller/rosidl_generator_c;/home/enrico/turtlebot3_ws/src/position_controller/build/position_controller/rosidl_typesupport_c;/home/enrico/turtlebot3_ws/src/position_controller/build/position_controller/rosidl_typesupport_fastrtps_c;/home/enrico/turtlebot3_ws/src/position_controller/build/position_controller/rosidl_generator_cpp;/home/enrico/turtlebot3_ws/src/position_controller/build/position_controller/rosidl_typesupport_fastrtps_cpp;/home/enrico/turtlebot3_ws/src/position_controller/build/position_controller/rosidl_typesupport_introspection_c;/home/enrico/turtlebot3_ws/src/position_controller/build/position_controller/rosidl_generator_py
[1.175s] -- Added test 'cpplint' to check C / C++ code against the Google style
[1.207s] -- Added test 'uncrustify' to check C / C++ code style
[1.212s] -- Added test 'flake8' to check Python code syntax and style conventions
[1.216s] -- Added test 'pep257' to check Python code against some of the style conventions in PEP 257
[1.257s] -- Added test 'copyright' to check for copyright in CMake / C / C++ / Python code
[1.265s] -- Added test 'lint_cmake' to check CMake code style
[1.269s] -- Added test 'xmllint' to check XML markup files
[1.274s] -- Configuring done
[1.347s] -- Generating done
[1.352s] -- Build files have been written to: /home/enrico/turtlebot3_ws/src/position_controller/build/position_controller
[1.357s] Invoked command in '/home/enrico/turtlebot3_ws/src/position_controller/build/position_controller' returned '0': CMAKE_PREFIX_PATH=${CMAKE_PREFIX_PATH}:/home/enrico/turtlebot3_ws/install/turtlebot3_gazebo:/home/enrico/turtlebot3_ws/install/turtlebot3_teleop:/home/enrico/turtlebot3_ws/install/turtlebot3_example:/opt/ros/eloquent /usr/bin/cmake /home/enrico/turtlebot3_ws/src/position_controller -DCMAKE_INSTALL_PREFIX=/home/enrico/turtlebot3_ws/src/position_controller/install/position_controller
[1.360s] Invoking command in '/home/enrico/turtlebot3_ws/src/position_controller/build/position_controller': CMAKE_PREFIX_PATH=${CMAKE_PREFIX_PATH}:/home/enrico/turtlebot3_ws/install/turtlebot3_gazebo:/home/enrico/turtlebot3_ws/install/turtlebot3_teleop:/home/enrico/turtlebot3_ws/install/turtlebot3_example:/opt/ros/eloquent /usr/bin/cmake --build /home/enrico/turtlebot3_ws/src/position_controller/build/position_controller -- -j4 -l4
[1.417s] [35m[1mScanning dependencies of target position_controller[0m
[1.431s] [  3%] Built target new_msg__cpp
[1.438s] [ 12%] Built target new_msg__rosidl_generator_c
[1.447s] [ 18%] Built target pianificatore
[1.463s] [ 21%] [32mBuilding CXX object CMakeFiles/position_controller.dir/src/position_controll.cpp.o[0m
[1.472s] [ 30%] Built target new_msg__rosidl_typesupport_introspection_cpp
[1.481s] [ 39%] Built target new_msg__rosidl_typesupport_fastrtps_cpp
[1.491s] [ 48%] Built target new_msg__rosidl_typesupport_introspection_c
[1.520s] [ 57%] Built target new_msg__rosidl_typesupport_cpp
[1.522s] [ 66%] Built target new_msg__rosidl_typesupport_fastrtps_c
[1.552s] [ 75%] Built target new_msg__rosidl_typesupport_c
[1.576s] In file included from [01m[K/home/enrico/turtlebot3_ws/src/position_controller/src/position_controll.cpp:1:0[m[K:
[1.576s] [01m[K/home/enrico/turtlebot3_ws/src/position_controller/include/position_controller/position_controll.hpp:12:10:[m[K [01;31m[Kfatal error: [m[Kposition_controller/msg/Positiondef.hpp: File o directory non esistente
[1.576s]  #include [01;31m[K<position_controller/msg/Positiondef.hpp>[m[K
[1.576s]           [01;31m[K^~~~~~~~~~~~~~~~~~~~~~~~~~~~~~~~~~~~~~~~~[m[K
[1.576s] compilation terminated.
[1.580s] [ 75%] Built target new_msg
[1.583s] CMakeFiles/position_controller.dir/build.make:62: recipe for target 'CMakeFiles/position_controller.dir/src/position_controll.cpp.o' failed
[1.583s] make[2]: *** [CMakeFiles/position_controller.dir/src/position_controll.cpp.o] Error 1
[1.583s] CMakeFiles/Makefile2:636: recipe for target 'CMakeFiles/position_controller.dir/all' failed
[1.583s] make[1]: *** [CMakeFiles/position_controller.dir/all] Error 2
[1.584s] make[1]: *** Attesa per i processi non terminati....
[1.603s] [ 78%] Built target new_msg__py
[1.605s] make: *** [all] Error 2
[1.605s] Makefile:140: recipe for target 'all' failed
[1.606s] Invoked command in '/home/enrico/turtlebot3_ws/src/position_controller/build/position_controller' returned '2': CMAKE_PREFIX_PATH=${CMAKE_PREFIX_PATH}:/home/enrico/turtlebot3_ws/install/turtlebot3_gazebo:/home/enrico/turtlebot3_ws/install/turtlebot3_teleop:/home/enrico/turtlebot3_ws/install/turtlebot3_example:/opt/ros/eloquent /usr/bin/cmake --build /home/enrico/turtlebot3_ws/src/position_controller/build/position_controller -- -j4 -l4
