[35m[1mScanning dependencies of target position_controller[0m
[ 50%] Built target pianificatore
[ 75%] [32mBuilding CXX object CMakeFiles/position_controller.dir/src/position_controll.cpp.o[0m
[01m[K/home/enrico/turtlebot3_ws/src/position_controller/src/position_controll.cpp:[m[K In member function â€˜[01m[Kvoid Tb3BurgerPosCtrl::get_position(std_msgs::msg::String_<std::allocator<void> >::SharedPtr)[m[Kâ€™:
[01m[K/home/enrico/turtlebot3_ws/src/position_controller/src/position_controll.cpp:43:10:[m[K [01;35m[Kwarning: [m[Kunused variable â€˜[01m[Kvirgola[m[Kâ€™ [[01;35m[K-Wunused-variable[m[K]
     char [01;35m[Kvirgola[m[K = ',';
          [01;35m[K^~~~~~~[m[K
[01m[K/home/enrico/turtlebot3_ws/src/position_controller/src/position_controll.cpp:46:9:[m[K [01;35m[Kwarning: [m[Kunused variable â€˜[01m[Kpos[m[Kâ€™ [[01;35m[K-Wunused-variable[m[K]
     int [01;35m[Kpos[m[K=0;
         [01;35m[K^~~[m[K
[01m[K/home/enrico/turtlebot3_ws/src/position_controller/src/position_controll.cpp:[m[K In member function â€˜[01m[Kvoid Tb3BurgerPosCtrl::update_callback()[m[Kâ€™:
[01m[K/home/enrico/turtlebot3_ws/src/position_controller/src/position_controll.cpp:131:53:[m[K [01;31m[Kerror: [m[Kâ€˜[01m[Kdist[m[Kâ€™ was not declared in this scope
               double rotation = ((LINEAR_VELOCITY)/([01;31m[Kdist[m[K))*((k2*(angle-(atan(-den))))+(sin(angle)*(1+(k1/den2))));
                                                     [01;31m[K^~~~[m[K
[01m[K/home/enrico/turtlebot3_ws/src/position_controller/src/position_controll.cpp:131:53:[m[K [01;36m[Knote: [m[Ksuggested alternative: â€˜[01m[Ktwist[m[Kâ€™
               double rotation = ((LINEAR_VELOCITY)/([01;36m[Kdist[m[K))*((k2*(angle-(atan(-den))))+(sin(angle)*(1+(k1/den2))));
                                                     [01;36m[K^~~~[m[K
                                                     [32m[Ktwist[m[K
CMakeFiles/position_controller.dir/build.make:62: recipe for target 'CMakeFiles/position_controller.dir/src/position_controll.cpp.o' failed
make[2]: *** [CMakeFiles/position_controller.dir/src/position_controll.cpp.o] Error 1
CMakeFiles/Makefile2:99: recipe for target 'CMakeFiles/position_controller.dir/all' failed
make[1]: *** [CMakeFiles/position_controller.dir/all] Error 2
make: *** [all] Error 2
Makefile:140: recipe for target 'all' failed
