[0.016s] Invoking command in '/home/enrico/turtlebot3_ws/src/position_controller/build/position_controller': CMAKE_PREFIX_PATH=${CMAKE_PREFIX_PATH}:/home/enrico/turtlebot3_ws/install/turtlebot3_teleop:/home/enrico/turtlebot3_ws/install/turtlebot3_example:/opt/ros/eloquent /usr/bin/cmake --build /home/enrico/turtlebot3_ws/src/position_controller/build/position_controller -- -j4 -l4
[0.065s] [35m[1mScanning dependencies of target position_controller[0m
[0.086s] [ 50%] Built target pianificatore
[0.095s] [ 75%] [32mBuilding CXX object CMakeFiles/position_controller.dir/src/position_controll.cpp.o[0m
[1.646s] [01m[K/home/enrico/turtlebot3_ws/src/position_controller/src/position_controll.cpp:[m[K In member function â€˜[01m[Kvoid Tb3BurgerPosCtrl::get_position(std_msgs::msg::String_<std::allocator<void> >::SharedPtr)[m[Kâ€™:
[1.646s] [01m[K/home/enrico/turtlebot3_ws/src/position_controller/src/position_controll.cpp:43:10:[m[K [01;35m[Kwarning: [m[Kunused variable â€˜[01m[Kvirgola[m[Kâ€™ [[01;35m[K-Wunused-variable[m[K]
[1.647s]      char [01;35m[Kvirgola[m[K = ',';
[1.647s]           [01;35m[K^~~~~~~[m[K
[1.647s] [01m[K/home/enrico/turtlebot3_ws/src/position_controller/src/position_controll.cpp:46:9:[m[K [01;35m[Kwarning: [m[Kunused variable â€˜[01m[Kpos[m[Kâ€™ [[01;35m[K-Wunused-variable[m[K]
[1.647s]      int [01;35m[Kpos[m[K=0;
[1.647s]          [01;35m[K^~~[m[K
[1.655s] [01m[K/home/enrico/turtlebot3_ws/src/position_controller/src/position_controll.cpp:[m[K In member function â€˜[01m[Kvoid Tb3BurgerPosCtrl::update_callback()[m[Kâ€™:
[1.655s] [01m[K/home/enrico/turtlebot3_ws/src/position_controller/src/position_controll.cpp:131:53:[m[K [01;31m[Kerror: [m[Kâ€˜[01m[Kdist[m[Kâ€™ was not declared in this scope
[1.655s]                double rotation = ((LINEAR_VELOCITY)/([01;31m[Kdist[m[K))*((k2*(angle-(atan(-den))))+(sin(angle)*(1+(k1/den2))));
[1.655s]                                                      [01;31m[K^~~~[m[K
[1.656s] [01m[K/home/enrico/turtlebot3_ws/src/position_controller/src/position_controll.cpp:131:53:[m[K [01;36m[Knote: [m[Ksuggested alternative: â€˜[01m[Ktwist[m[Kâ€™
[1.656s]                double rotation = ((LINEAR_VELOCITY)/([01;36m[Kdist[m[K))*((k2*(angle-(atan(-den))))+(sin(angle)*(1+(k1/den2))));
[1.656s]                                                      [01;36m[K^~~~[m[K
[1.656s]                                                      [32m[Ktwist[m[K
[3.475s] CMakeFiles/position_controller.dir/build.make:62: recipe for target 'CMakeFiles/position_controller.dir/src/position_controll.cpp.o' failed
[3.475s] make[2]: *** [CMakeFiles/position_controller.dir/src/position_controll.cpp.o] Error 1
[3.475s] CMakeFiles/Makefile2:99: recipe for target 'CMakeFiles/position_controller.dir/all' failed
[3.475s] make[1]: *** [CMakeFiles/position_controller.dir/all] Error 2
[3.475s] make: *** [all] Error 2
[3.475s] Makefile:140: recipe for target 'all' failed
[3.478s] Invoked command in '/home/enrico/turtlebot3_ws/src/position_controller/build/position_controller' returned '2': CMAKE_PREFIX_PATH=${CMAKE_PREFIX_PATH}:/home/enrico/turtlebot3_ws/install/turtlebot3_teleop:/home/enrico/turtlebot3_ws/install/turtlebot3_example:/opt/ros/eloquent /usr/bin/cmake --build /home/enrico/turtlebot3_ws/src/position_controller/build/position_controller -- -j4 -l4
